2024-06-08 20:53:18,908 [Worker-8: Loading available Gradle versions] INFO  o.e.b.c.i.u.g.PublishedGradleVersions - Gradle version information cache is up-to-date. Trying to read.
2024-06-08 20:54:22,542 [Worker-7: Import Getting Started Content] INFO  o.e.m.c.i.l.LifecycleMappingFactory - Using org.eclipse.m2e.jdt.JarLifecycleMapping lifecycle mapping for MavenProject: com.prabhat:springboot1:0.0.1-SNAPSHOT @ C:\Users\DELL\Desktop\intellije spring boot\springboot\pom.xml.
2024-06-08 20:54:23,240 [Worker-7: Import Getting Started Content] INFO  o.e.m.j.i.AbstractJavaProjectConfigurator - Adding source folder /springboot/src/main/java
2024-06-08 20:54:23,242 [Worker-7: Import Getting Started Content] INFO  o.e.m.j.i.AbstractJavaProjectConfigurator - Adding resource folder /springboot/src/main/resources
2024-06-08 20:54:23,245 [Worker-7: Import Getting Started Content] INFO  o.e.m.j.i.AbstractJavaProjectConfigurator - Adding resource folder /springboot/src/main/resources
2024-06-08 20:54:23,248 [Worker-7: Import Getting Started Content] INFO  o.e.m.j.i.AbstractJavaProjectConfigurator - Adding source folder /springboot/src/test/java
2024-06-08 20:54:23,249 [Worker-7: Import Getting Started Content] INFO  o.e.m.j.i.AbstractJavaProjectConfigurator - Adding resource folder /springboot/src/test/resources
2024-06-08 20:54:23,673 [Worker-7: Import Getting Started Content] INFO  o.e.m.c.i.p.ProjectConfigurationManager - Imported and configured 1 project(s) in 2 sec
2024-06-08 20:54:23,676 [Worker-7: Import Getting Started Content] INFO  o.e.m.c.i.p.ProjectConfigurationManager - Update started
2024-06-08 20:54:23,875 [Worker-7: Import Getting Started Content] INFO  o.e.m.c.i.l.LifecycleMappingFactory - Using org.eclipse.m2e.jdt.JarLifecycleMapping lifecycle mapping for MavenProject: com.prabhat:springboot1:0.0.1-SNAPSHOT @ C:\Users\DELL\Desktop\intellije spring boot\springboot\pom.xml.
2024-06-08 20:54:24,082 [Worker-7: Import Getting Started Content] INFO  o.e.m.j.i.AbstractJavaProjectConfigurator - Adding source folder /springboot/src/main/java
2024-06-08 20:54:24,082 [Worker-7: Import Getting Started Content] INFO  o.e.m.j.i.AbstractJavaProjectConfigurator - Adding resource folder /springboot/src/main/resources
2024-06-08 20:54:24,083 [Worker-7: Import Getting Started Content] INFO  o.e.m.j.i.AbstractJavaProjectConfigurator - Adding resource folder /springboot/src/main/resources
2024-06-08 20:54:24,083 [Worker-7: Import Getting Started Content] INFO  o.e.m.j.i.AbstractJavaProjectConfigurator - Adding source folder /springboot/src/test/java
2024-06-08 20:54:24,084 [Worker-7: Import Getting Started Content] INFO  o.e.m.j.i.AbstractJavaProjectConfigurator - Adding resource folder /springboot/src/test/resources
2024-06-08 20:54:24,402 [Worker-7: Import Getting Started Content] INFO  o.e.m.c.i.p.ProjectConfigurationManager - Update completed for 1 poms: local refresh takes 0.00 sec, refresh facades takes 0.00 sec, update config takes 0.00 sec 
2024-06-08 20:54:25,823 [Worker-13: Building] INFO  o.a.m.s.f.DefaultMavenResourcesFiltering - Copying 1 resource from src\main\resources to target\classes
2024-06-08 20:54:25,864 [Worker-13: Building] INFO  o.a.m.s.f.DefaultMavenResourcesFiltering - Copying 0 resource from src\main\resources to target\classes
2024-06-08 20:54:25,868 [Worker-13: Building] INFO  o.a.m.s.f.DefaultMavenResourcesFiltering - skip non existing resourceDirectory C:\Users\DELL\Desktop\intellije spring boot\springboot\src\test\resources
2024-06-08 20:56:33,409 [Worker-8: Launching springboot - SpringbootApplication] INFO  o.a.m.s.f.DefaultMavenResourcesFiltering - Copying 1 resource from src\main\resources to target\classes
2024-06-08 20:56:33,417 [Worker-8: Launching springboot - SpringbootApplication] INFO  o.a.m.s.f.DefaultMavenResourcesFiltering - Copying 0 resource from src\main\resources to target\classes
2024-06-08 20:56:33,419 [Worker-8: Launching springboot - SpringbootApplication] INFO  o.a.m.s.f.DefaultMavenResourcesFiltering - skip non existing resourceDirectory C:\Users\DELL\Desktop\intellije spring boot\springboot\src\test\resources
2024-06-08 20:58:20,998 [Worker-8: Import Getting Started Content] INFO  o.e.m.c.i.l.LifecycleMappingFactory - Using org.eclipse.m2e.jdt.JarLifecycleMapping lifecycle mapping for MavenProject: com.prabhat:springboot1:0.0.1-SNAPSHOT @ C:\Users\DELL\Desktop\intellije spring boot\springbootdemo\pom.xml.
2024-06-08 20:58:21,250 [Worker-8: Import Getting Started Content] INFO  o.e.m.j.i.AbstractJavaProjectConfigurator - Adding source folder /springbootdemo/src/main/java
2024-06-08 20:58:21,251 [Worker-8: Import Getting Started Content] INFO  o.e.m.j.i.AbstractJavaProjectConfigurator - Adding resource folder /springbootdemo/src/main/resources
2024-06-08 20:58:21,253 [Worker-8: Import Getting Started Content] INFO  o.e.m.j.i.AbstractJavaProjectConfigurator - Adding resource folder /springbootdemo/src/main/resources
2024-06-08 20:58:21,254 [Worker-8: Import Getting Started Content] INFO  o.e.m.j.i.AbstractJavaProjectConfigurator - Adding source folder /springbootdemo/src/test/java
2024-06-08 20:58:21,255 [Worker-8: Import Getting Started Content] INFO  o.e.m.j.i.AbstractJavaProjectConfigurator - Adding resource folder /springbootdemo/src/test/resources
2024-06-08 20:58:21,410 [Worker-8: Import Getting Started Content] INFO  o.e.m.c.i.p.ProjectConfigurationManager - Imported and configured 1 project(s) in 0 sec
2024-06-08 20:58:21,411 [Worker-8: Import Getting Started Content] INFO  o.e.m.c.i.p.ProjectConfigurationManager - Update started
2024-06-08 20:58:21,663 [Worker-8: Import Getting Started Content] INFO  o.e.m.c.i.l.LifecycleMappingFactory - Using org.eclipse.m2e.jdt.JarLifecycleMapping lifecycle mapping for MavenProject: com.prabhat:springboot1:0.0.1-SNAPSHOT @ C:\Users\DELL\Desktop\intellije spring boot\springbootdemo\pom.xml.
2024-06-08 20:58:21,865 [Worker-8: Import Getting Started Content] INFO  o.e.m.j.i.AbstractJavaProjectConfigurator - Adding source folder /springbootdemo/src/main/java
2024-06-08 20:58:21,866 [Worker-8: Import Getting Started Content] INFO  o.e.m.j.i.AbstractJavaProjectConfigurator - Adding resource folder /springbootdemo/src/main/resources
2024-06-08 20:58:21,866 [Worker-8: Import Getting Started Content] INFO  o.e.m.j.i.AbstractJavaProjectConfigurator - Adding resource folder /springbootdemo/src/main/resources
2024-06-08 20:58:21,867 [Worker-8: Import Getting Started Content] INFO  o.e.m.j.i.AbstractJavaProjectConfigurator - Adding source folder /springbootdemo/src/test/java
2024-06-08 20:58:21,867 [Worker-8: Import Getting Started Content] INFO  o.e.m.j.i.AbstractJavaProjectConfigurator - Adding resource folder /springbootdemo/src/test/resources
2024-06-08 20:58:21,997 [Worker-8: Import Getting Started Content] INFO  o.e.m.c.i.p.ProjectConfigurationManager - Update completed for 1 poms: local refresh takes 0.00 sec, refresh facades takes 0.00 sec, update config takes 0.00 sec 
2024-06-08 20:58:22,250 [Worker-4: Building] INFO  o.a.m.s.f.DefaultMavenResourcesFiltering - Copying 1 resource from src\main\resources to target\classes
2024-06-08 20:58:22,276 [Worker-4: Building] INFO  o.a.m.s.f.DefaultMavenResourcesFiltering - Copying 0 resource from src\main\resources to target\classes
2024-06-08 20:58:22,279 [Worker-4: Building] INFO  o.a.m.s.f.DefaultMavenResourcesFiltering - skip non existing resourceDirectory C:\Users\DELL\Desktop\intellije spring boot\springbootdemo\src\test\resources
2024-06-08 20:58:54,823 [Worker-6: Launching springbootdemo - SpringbootdemoApplication] INFO  o.a.m.s.f.DefaultMavenResourcesFiltering - Copying 1 resource from src\main\resources to target\classes
2024-06-08 20:58:54,829 [Worker-6: Launching springbootdemo - SpringbootdemoApplication] INFO  o.a.m.s.f.DefaultMavenResourcesFiltering - Copying 0 resource from src\main\resources to target\classes
2024-06-08 20:58:54,831 [Worker-6: Launching springbootdemo - SpringbootdemoApplication] INFO  o.a.m.s.f.DefaultMavenResourcesFiltering - skip non existing resourceDirectory C:\Users\DELL\Desktop\intellije spring boot\springbootdemo\src\test\resources
2024-06-08 20:59:29,542 [Worker-3: Building] INFO  o.a.m.s.f.DefaultMavenResourcesFiltering - Copying 1 resource from src\main\resources to target\classes
2024-06-08 20:59:29,545 [Worker-3: Building] INFO  o.a.m.s.f.DefaultMavenResourcesFiltering - Copying 0 resource from src\main\resources to target\classes
2024-06-08 20:59:29,547 [Worker-3: Building] INFO  o.a.m.s.f.DefaultMavenResourcesFiltering - skip non existing resourceDirectory C:\Users\DELL\Desktop\intellije spring boot\springbootdemo\src\test\resources
2024-06-08 21:00:53,537 [Worker-11: Launching springbootdemo - SpringbootdemoApplication] INFO  o.a.m.s.f.DefaultMavenResourcesFiltering - Copying 1 resource from src\main\resources to target\classes
2024-06-08 21:00:53,541 [Worker-11: Launching springbootdemo - SpringbootdemoApplication] INFO  o.a.m.s.f.DefaultMavenResourcesFiltering - Copying 0 resource from src\main\resources to target\classes
2024-06-08 21:00:53,543 [Worker-11: Launching springbootdemo - SpringbootdemoApplication] INFO  o.a.m.s.f.DefaultMavenResourcesFiltering - skip non existing resourceDirectory C:\Users\DELL\Desktop\intellije spring boot\springbootdemo\src\test\resources
2024-06-08 22:07:45,117 [Worker-28: Building] INFO  o.a.m.s.f.DefaultMavenResourcesFiltering - Copying 1 resource from src\main\resources to target\classes
2024-06-08 22:07:45,159 [Worker-28: Building] INFO  o.a.m.s.f.DefaultMavenResourcesFiltering - Copying 0 resource from src\main\resources to target\classes
2024-06-08 22:07:45,162 [Worker-28: Building] INFO  o.a.m.s.f.DefaultMavenResourcesFiltering - skip non existing resourceDirectory C:\Users\DELL\Desktop\intellije spring boot\springbootdemo\src\test\resources
2024-06-08 22:08:58,768 [Worker-1: Launching springbootdemo - SpringbootdemoApplication] INFO  o.a.m.s.f.DefaultMavenResourcesFiltering - Copying 1 resource from src\main\resources to target\classes
2024-06-08 22:08:58,772 [Worker-1: Launching springbootdemo - SpringbootdemoApplication] INFO  o.a.m.s.f.DefaultMavenResourcesFiltering - Copying 0 resource from src\main\resources to target\classes
2024-06-08 22:08:58,777 [Worker-1: Launching springbootdemo - SpringbootdemoApplication] INFO  o.a.m.s.f.DefaultMavenResourcesFiltering - skip non existing resourceDirectory C:\Users\DELL\Desktop\intellije spring boot\springbootdemo\src\test\resources
2024-06-08 22:10:39,039 [Worker-1: Launching springbootdemo - SpringbootdemoApplication] INFO  o.a.m.s.f.DefaultMavenResourcesFiltering - Copying 1 resource from src\main\resources to target\classes
2024-06-08 22:10:39,046 [Worker-1: Launching springbootdemo - SpringbootdemoApplication] INFO  o.a.m.s.f.DefaultMavenResourcesFiltering - Copying 0 resource from src\main\resources to target\classes
2024-06-08 22:10:39,049 [Worker-1: Launching springbootdemo - SpringbootdemoApplication] INFO  o.a.m.s.f.DefaultMavenResourcesFiltering - skip non existing resourceDirectory C:\Users\DELL\Desktop\intellije spring boot\springbootdemo\src\test\resources
2024-06-08 22:15:25,182 [Worker-25: Building] INFO  o.a.m.s.f.DefaultMavenResourcesFiltering - Copying 1 resource from src\main\resources to target\classes
2024-06-08 22:15:25,190 [Worker-25: Building] INFO  o.a.m.s.f.DefaultMavenResourcesFiltering - Copying 0 resource from src\main\resources to target\classes
2024-06-08 22:15:25,194 [Worker-25: Building] INFO  o.a.m.s.f.DefaultMavenResourcesFiltering - skip non existing resourceDirectory C:\Users\DELL\Desktop\intellije spring boot\springbootdemo\src\test\resources
2024-06-08 22:16:18,963 [Worker-34: Building] INFO  o.a.m.s.f.DefaultMavenResourcesFiltering - Copying 1 resource from src\main\resources to target\classes
2024-06-08 22:16:18,972 [Worker-34: Building] INFO  o.a.m.s.f.DefaultMavenResourcesFiltering - Copying 0 resource from src\main\resources to target\classes
2024-06-08 22:16:18,974 [Worker-34: Building] INFO  o.a.m.s.f.DefaultMavenResourcesFiltering - skip non existing resourceDirectory C:\Users\DELL\Desktop\intellije spring boot\springbootdemo\src\test\resources
2024-06-08 22:19:06,283 [Worker-32: Launching springbootdemo - SpringbootdemoApplication] INFO  o.a.m.s.f.DefaultMavenResourcesFiltering - Copying 1 resource from src\main\resources to target\classes
2024-06-08 22:19:06,289 [Worker-32: Launching springbootdemo - SpringbootdemoApplication] INFO  o.a.m.s.f.DefaultMavenResourcesFiltering - Copying 0 resource from src\main\resources to target\classes
2024-06-08 22:19:06,307 [Worker-32: Launching springbootdemo - SpringbootdemoApplication] INFO  o.a.m.s.f.DefaultMavenResourcesFiltering - skip non existing resourceDirectory C:\Users\DELL\Desktop\intellije spring boot\springbootdemo\src\test\resources
2024-06-08 22:33:36,144 [Worker-39: Building] INFO  o.a.m.s.f.DefaultMavenResourcesFiltering - Copying 1 resource from src\main\resources to target\classes
2024-06-08 22:33:36,150 [Worker-39: Building] INFO  o.a.m.s.f.DefaultMavenResourcesFiltering - Copying 0 resource from src\main\resources to target\classes
2024-06-08 22:33:36,153 [Worker-39: Building] INFO  o.a.m.s.f.DefaultMavenResourcesFiltering - skip non existing resourceDirectory C:\Users\DELL\Desktop\intellije spring boot\springbootdemo\src\test\resources
2024-06-08 22:42:32,801 [Worker-35: Launching springbootdemo - SpringbootdemoApplication] INFO  o.a.m.s.f.DefaultMavenResourcesFiltering - Copying 1 resource from src\main\resources to target\classes
2024-06-08 22:42:32,817 [Worker-35: Launching springbootdemo - SpringbootdemoApplication] INFO  o.a.m.s.f.DefaultMavenResourcesFiltering - Copying 0 resource from src\main\resources to target\classes
2024-06-08 22:42:32,823 [Worker-35: Launching springbootdemo - SpringbootdemoApplication] INFO  o.a.m.s.f.DefaultMavenResourcesFiltering - skip non existing resourceDirectory C:\Users\DELL\Desktop\intellije spring boot\springbootdemo\src\test\resources
2024-06-08 22:50:50,208 [Worker-35: Launching springbootdemo - SpringbootdemoApplication] INFO  o.a.m.s.f.DefaultMavenResourcesFiltering - Copying 1 resource from src\main\resources to target\classes
2024-06-08 22:50:50,255 [Worker-35: Launching springbootdemo - SpringbootdemoApplication] INFO  o.a.m.s.f.DefaultMavenResourcesFiltering - Copying 0 resource from src\main\resources to target\classes
2024-06-08 22:50:50,258 [Worker-35: Launching springbootdemo - SpringbootdemoApplication] INFO  o.a.m.s.f.DefaultMavenResourcesFiltering - skip non existing resourceDirectory C:\Users\DELL\Desktop\intellije spring boot\springbootdemo\src\test\resources
2024-06-09 00:14:33,562 [Worker-4: Loading available Gradle versions] INFO  o.e.b.c.i.u.g.PublishedGradleVersions - Gradle version information cache is up-to-date. Trying to read.
2024-06-09 00:39:53,794 [Worker-23: Building] INFO  o.e.m.c.i.l.LifecycleMappingFactory - Using org.eclipse.m2e.jdt.JarLifecycleMapping lifecycle mapping for MavenProject: com.prabhat:springboot1:0.0.1-SNAPSHOT @ C:\Users\DELL\Desktop\intellije spring boot\springbootdemo\pom.xml.
2024-06-09 00:39:54,118 [Worker-23: Building] INFO  o.e.m.c.i.e.AbstractTransferListenerAdapter - Downloading https://repo.maven.apache.org/maven2/org/springframework/boot/spring-boot-devtools/3.3.0/spring-boot-devtools-3.3.0.pom
2024-06-09 00:39:54,128 [Worker-23: Building] INFO  o.e.m.c.i.e.AbstractTransferListenerAdapter - Downloaded https://repo.maven.apache.org/maven2/org/springframework/boot/spring-boot-devtools/3.3.0/spring-boot-devtools-3.3.0.pom
2024-06-09 00:39:54,231 [Worker-23: Building] INFO  o.e.m.c.i.e.AbstractTransferListenerAdapter - Downloading https://repo.maven.apache.org/maven2/org/springframework/boot/spring-boot-devtools/3.3.0/spring-boot-devtools-3.3.0.jar
2024-06-09 00:39:54,299 [Worker-23: Building] INFO  o.e.m.c.i.e.AbstractTransferListenerAdapter - Downloaded https://repo.maven.apache.org/maven2/org/springframework/boot/spring-boot-devtools/3.3.0/spring-boot-devtools-3.3.0.jar
2024-06-09 00:39:54,563 [Worker-23: Building] INFO  o.a.m.s.f.DefaultMavenResourcesFiltering - Copying 1 resource from src\main\resources to target\classes
2024-06-09 00:39:54,575 [Worker-23: Building] INFO  o.a.m.s.f.DefaultMavenResourcesFiltering - Copying 0 resource from src\main\resources to target\classes
2024-06-09 00:39:54,580 [Worker-23: Building] INFO  o.a.m.s.f.DefaultMavenResourcesFiltering - skip non existing resourceDirectory C:\Users\DELL\Desktop\intellije spring boot\springbootdemo\src\test\resources
2024-06-09 00:39:55,493 [Worker-7: Download sources and javadoc] INFO  o.e.m.c.i.e.AbstractTransferListenerAdapter - Downloading https://repo.maven.apache.org/maven2/org/springframework/boot/spring-boot-devtools/3.3.0/spring-boot-devtools-3.3.0-sources.jar
2024-06-09 00:39:55,524 [Worker-7: Download sources and javadoc] INFO  o.e.m.c.i.e.AbstractTransferListenerAdapter - Downloaded https://repo.maven.apache.org/maven2/org/springframework/boot/spring-boot-devtools/3.3.0/spring-boot-devtools-3.3.0-sources.jar
2024-06-09 00:39:55,527 [Worker-7: Download sources and javadoc] INFO  o.e.m.j.internal.DownloadSourcesJob - Downloaded sources for org.springframework.boot:spring-boot-devtools:3.3.0
2024-06-09 00:39:56,442 [Worker-21: Building] INFO  o.a.m.s.f.DefaultMavenResourcesFiltering - Copying 1 resource from src\main\resources to target\classes
2024-06-09 00:39:56,451 [Worker-21: Building] INFO  o.a.m.s.f.DefaultMavenResourcesFiltering - Copying 0 resource from src\main\resources to target\classes
2024-06-09 00:39:56,454 [Worker-21: Building] INFO  o.a.m.s.f.DefaultMavenResourcesFiltering - skip non existing resourceDirectory C:\Users\DELL\Desktop\intellije spring boot\springbootdemo\src\test\resources
2024-06-09 00:44:56,850 [Worker-26: Building] INFO  o.a.m.s.f.DefaultMavenResourcesFiltering - Copying 1 resource from src\main\resources to target\classes
2024-06-09 00:44:56,855 [Worker-26: Building] INFO  o.a.m.s.f.DefaultMavenResourcesFiltering - Copying 0 resource from src\main\resources to target\classes
2024-06-09 00:44:56,858 [Worker-26: Building] INFO  o.a.m.s.f.DefaultMavenResourcesFiltering - skip non existing resourceDirectory C:\Users\DELL\Desktop\intellije spring boot\springbootdemo\src\test\resources
2024-06-09 00:45:50,167 [Worker-29: Building] INFO  o.a.m.s.f.DefaultMavenResourcesFiltering - Copying 1 resource from src\main\resources to target\classes
2024-06-09 00:45:50,173 [Worker-29: Building] INFO  o.a.m.s.f.DefaultMavenResourcesFiltering - Copying 0 resource from src\main\resources to target\classes
2024-06-09 00:45:50,176 [Worker-29: Building] INFO  o.a.m.s.f.DefaultMavenResourcesFiltering - skip non existing resourceDirectory C:\Users\DELL\Desktop\intellije spring boot\springbootdemo\src\test\resources
2024-06-09 00:51:42,011 [Worker-29: Import Getting Started Content] INFO  o.e.m.c.i.l.LifecycleMappingFactory - Using org.eclipse.m2e.jdt.JarLifecycleMapping lifecycle mapping for MavenProject: com.prabhat:lombokdemo:0.0.1-SNAPSHOT @ C:\Users\DELL\Desktop\intellije spring boot\lombokCheckdemo\pom.xml.
2024-06-09 00:51:42,462 [Worker-29: Import Getting Started Content] INFO  o.e.m.j.i.AbstractJavaProjectConfigurator - Adding source folder /lombokCheckdemo/src/main/java
2024-06-09 00:51:42,463 [Worker-29: Import Getting Started Content] INFO  o.e.m.j.i.AbstractJavaProjectConfigurator - Adding resource folder /lombokCheckdemo/src/main/resources
2024-06-09 00:51:42,467 [Worker-29: Import Getting Started Content] INFO  o.e.m.j.i.AbstractJavaProjectConfigurator - Adding resource folder /lombokCheckdemo/src/main/resources
2024-06-09 00:51:42,469 [Worker-29: Import Getting Started Content] INFO  o.e.m.j.i.AbstractJavaProjectConfigurator - Adding source folder /lombokCheckdemo/src/test/java
2024-06-09 00:51:42,470 [Worker-29: Import Getting Started Content] INFO  o.e.m.j.i.AbstractJavaProjectConfigurator - Adding resource folder /lombokCheckdemo/src/test/resources
2024-06-09 00:51:42,624 [Worker-29: Import Getting Started Content] INFO  o.e.m.c.i.p.ProjectConfigurationManager - Imported and configured 1 project(s) in 0 sec
2024-06-09 00:51:42,627 [Worker-29: Import Getting Started Content] INFO  o.e.m.c.i.p.ProjectConfigurationManager - Update started
2024-06-09 00:51:42,803 [Worker-29: Import Getting Started Content] INFO  o.e.m.c.i.l.LifecycleMappingFactory - Using org.eclipse.m2e.jdt.JarLifecycleMapping lifecycle mapping for MavenProject: com.prabhat:lombokdemo:0.0.1-SNAPSHOT @ C:\Users\DELL\Desktop\intellije spring boot\lombokCheckdemo\pom.xml.
2024-06-09 00:51:42,999 [Worker-29: Import Getting Started Content] INFO  o.e.m.j.i.AbstractJavaProjectConfigurator - Adding source folder /lombokCheckdemo/src/main/java
2024-06-09 00:51:43,000 [Worker-29: Import Getting Started Content] INFO  o.e.m.j.i.AbstractJavaProjectConfigurator - Adding resource folder /lombokCheckdemo/src/main/resources
2024-06-09 00:51:43,000 [Worker-29: Import Getting Started Content] INFO  o.e.m.j.i.AbstractJavaProjectConfigurator - Adding resource folder /lombokCheckdemo/src/main/resources
2024-06-09 00:51:43,001 [Worker-29: Import Getting Started Content] INFO  o.e.m.j.i.AbstractJavaProjectConfigurator - Adding source folder /lombokCheckdemo/src/test/java
2024-06-09 00:51:43,001 [Worker-29: Import Getting Started Content] INFO  o.e.m.j.i.AbstractJavaProjectConfigurator - Adding resource folder /lombokCheckdemo/src/test/resources
2024-06-09 00:51:43,153 [Worker-29: Import Getting Started Content] INFO  o.e.m.c.i.p.ProjectConfigurationManager - Update completed for 1 poms: local refresh takes 0.00 sec, refresh facades takes 0.00 sec, update config takes 0.00 sec 
2024-06-09 00:51:43,559 [Worker-29: Building] INFO  o.a.m.s.f.DefaultMavenResourcesFiltering - Copying 1 resource from src\main\resources to target\classes
2024-06-09 00:51:43,592 [Worker-29: Building] INFO  o.a.m.s.f.DefaultMavenResourcesFiltering - Copying 0 resource from src\main\resources to target\classes
2024-06-09 00:51:43,595 [Worker-29: Building] INFO  o.a.m.s.f.DefaultMavenResourcesFiltering - skip non existing resourceDirectory C:\Users\DELL\Desktop\intellije spring boot\lombokCheckdemo\src\test\resources
2024-06-09 00:54:20,316 [Worker-35: Building] INFO  o.a.m.s.f.DefaultMavenResourcesFiltering - Copying 1 resource from src\main\resources to target\classes
2024-06-09 00:54:20,322 [Worker-35: Building] INFO  o.a.m.s.f.DefaultMavenResourcesFiltering - Copying 0 resource from src\main\resources to target\classes
2024-06-09 00:54:20,324 [Worker-35: Building] INFO  o.a.m.s.f.DefaultMavenResourcesFiltering - skip non existing resourceDirectory C:\Users\DELL\Desktop\intellije spring boot\lombokCheckdemo\src\test\resources
2024-06-09 00:57:26,652 [Worker-31: Launching lombokCheckdemo - LombokCheckdemoApplication] INFO  o.a.m.s.f.DefaultMavenResourcesFiltering - Copying 1 resource from src\main\resources to target\classes
2024-06-09 00:57:26,659 [Worker-31: Launching lombokCheckdemo - LombokCheckdemoApplication] INFO  o.a.m.s.f.DefaultMavenResourcesFiltering - Copying 0 resource from src\main\resources to target\classes
2024-06-09 00:57:26,661 [Worker-31: Launching lombokCheckdemo - LombokCheckdemoApplication] INFO  o.a.m.s.f.DefaultMavenResourcesFiltering - skip non existing resourceDirectory C:\Users\DELL\Desktop\intellije spring boot\lombokCheckdemo\src\test\resources
2024-06-09 00:58:35,288 [Worker-35: Launching lombokCheckdemo - LombokCheckdemoApplication] INFO  o.a.m.s.f.DefaultMavenResourcesFiltering - Copying 1 resource from src\main\resources to target\classes
2024-06-09 00:58:35,292 [Worker-35: Launching lombokCheckdemo - LombokCheckdemoApplication] INFO  o.a.m.s.f.DefaultMavenResourcesFiltering - Copying 0 resource from src\main\resources to target\classes
2024-06-09 00:58:35,295 [Worker-35: Launching lombokCheckdemo - LombokCheckdemoApplication] INFO  o.a.m.s.f.DefaultMavenResourcesFiltering - skip non existing resourceDirectory C:\Users\DELL\Desktop\intellije spring boot\lombokCheckdemo\src\test\resources
2024-06-09 01:27:37,325 [Worker-40: Import Getting Started Content] INFO  o.e.m.c.i.l.LifecycleMappingFactory - Using org.eclipse.m2e.jdt.JarLifecycleMapping lifecycle mapping for MavenProject: com.prabhat:RestfulCrudJpa:0.0.1-SNAPSHOT @ C:\Users\DELL\Desktop\intellije spring boot\SpringRestfulCrudMysqlJpa\pom.xml.
2024-06-09 01:27:37,653 [Worker-40: Import Getting Started Content] INFO  o.e.m.j.i.AbstractJavaProjectConfigurator - Adding source folder /SpringRestfulCrudMysqlJpa/src/main/java
2024-06-09 01:27:37,653 [Worker-40: Import Getting Started Content] INFO  o.e.m.j.i.AbstractJavaProjectConfigurator - Adding resource folder /SpringRestfulCrudMysqlJpa/src/main/resources
2024-06-09 01:27:37,656 [Worker-40: Import Getting Started Content] INFO  o.e.m.j.i.AbstractJavaProjectConfigurator - Adding resource folder /SpringRestfulCrudMysqlJpa/src/main/resources
2024-06-09 01:27:37,657 [Worker-40: Import Getting Started Content] INFO  o.e.m.j.i.AbstractJavaProjectConfigurator - Adding source folder /SpringRestfulCrudMysqlJpa/src/test/java
2024-06-09 01:27:37,658 [Worker-40: Import Getting Started Content] INFO  o.e.m.j.i.AbstractJavaProjectConfigurator - Adding resource folder /SpringRestfulCrudMysqlJpa/src/test/resources
2024-06-09 01:27:37,896 [Worker-40: Import Getting Started Content] INFO  o.e.m.c.i.p.ProjectConfigurationManager - Imported and configured 1 project(s) in 0 sec
2024-06-09 01:27:37,897 [Worker-40: Import Getting Started Content] INFO  o.e.m.c.i.p.ProjectConfigurationManager - Update started
2024-06-09 01:27:38,072 [Worker-40: Import Getting Started Content] INFO  o.e.m.c.i.l.LifecycleMappingFactory - Using org.eclipse.m2e.jdt.JarLifecycleMapping lifecycle mapping for MavenProject: com.prabhat:RestfulCrudJpa:0.0.1-SNAPSHOT @ C:\Users\DELL\Desktop\intellije spring boot\SpringRestfulCrudMysqlJpa\pom.xml.
2024-06-09 01:27:38,380 [Worker-40: Import Getting Started Content] INFO  o.e.m.j.i.AbstractJavaProjectConfigurator - Adding source folder /SpringRestfulCrudMysqlJpa/src/main/java
2024-06-09 01:27:38,381 [Worker-40: Import Getting Started Content] INFO  o.e.m.j.i.AbstractJavaProjectConfigurator - Adding resource folder /SpringRestfulCrudMysqlJpa/src/main/resources
2024-06-09 01:27:38,381 [Worker-40: Import Getting Started Content] INFO  o.e.m.j.i.AbstractJavaProjectConfigurator - Adding resource folder /SpringRestfulCrudMysqlJpa/src/main/resources
2024-06-09 01:27:38,381 [Worker-40: Import Getting Started Content] INFO  o.e.m.j.i.AbstractJavaProjectConfigurator - Adding source folder /SpringRestfulCrudMysqlJpa/src/test/java
2024-06-09 01:27:38,382 [Worker-40: Import Getting Started Content] INFO  o.e.m.j.i.AbstractJavaProjectConfigurator - Adding resource folder /SpringRestfulCrudMysqlJpa/src/test/resources
2024-06-09 01:27:38,634 [Worker-40: Import Getting Started Content] INFO  o.e.m.c.i.p.ProjectConfigurationManager - Update completed for 1 poms: local refresh takes 0.00 sec, refresh facades takes 0.00 sec, update config takes 0.00 sec 
2024-06-09 01:27:39,043 [Worker-41: Building] INFO  o.a.m.s.f.DefaultMavenResourcesFiltering - Copying 1 resource from src\main\resources to target\classes
2024-06-09 01:27:39,066 [Worker-41: Building] INFO  o.a.m.s.f.DefaultMavenResourcesFiltering - Copying 0 resource from src\main\resources to target\classes
2024-06-09 01:27:39,070 [Worker-41: Building] INFO  o.a.m.s.f.DefaultMavenResourcesFiltering - skip non existing resourceDirectory C:\Users\DELL\Desktop\intellije spring boot\SpringRestfulCrudMysqlJpa\src\test\resources
2024-06-09 01:28:13,649 [Worker-40: Building] INFO  o.e.m.c.i.l.LifecycleMappingFactory - Using org.eclipse.m2e.jdt.JarLifecycleMapping lifecycle mapping for MavenProject: com.prabhat:RestfulCrudJpa:0.0.1-SNAPSHOT @ C:\Users\DELL\Desktop\intellije spring boot\SpringRestfulCrudMysqlJpa\pom.xml.
2024-06-09 01:28:13,963 [Worker-40: Building] INFO  o.a.m.s.f.DefaultMavenResourcesFiltering - Copying 0 resource from src\main\resources to target\classes
2024-06-09 01:28:13,963 [Worker-40: Building] INFO  o.a.m.s.f.DefaultMavenResourcesFiltering - Copying 0 resource from src\main\resources to target\classes
2024-06-09 01:28:13,966 [Worker-40: Building] INFO  o.a.m.s.f.DefaultMavenResourcesFiltering - skip non existing resourceDirectory C:\Users\DELL\Desktop\intellije spring boot\SpringRestfulCrudMysqlJpa\src\test\resources
2024-06-09 01:28:15,206 [Worker-44: Building] INFO  o.a.m.s.f.DefaultMavenResourcesFiltering - Copying 1 resource from src\main\resources to target\classes
2024-06-09 01:28:15,218 [Worker-44: Building] INFO  o.a.m.s.f.DefaultMavenResourcesFiltering - Copying 0 resource from src\main\resources to target\classes
2024-06-09 01:28:15,220 [Worker-44: Building] INFO  o.a.m.s.f.DefaultMavenResourcesFiltering - skip non existing resourceDirectory C:\Users\DELL\Desktop\intellije spring boot\SpringRestfulCrudMysqlJpa\src\test\resources
2024-06-09 01:45:39,105 [Worker-48: Launching SpringRestfulCrudMysqlJpa - SpringRestfulCrudMysqlJpaApplication] INFO  o.a.m.s.f.DefaultMavenResourcesFiltering - Copying 1 resource from src\main\resources to target\classes
2024-06-09 01:45:39,110 [Worker-48: Launching SpringRestfulCrudMysqlJpa - SpringRestfulCrudMysqlJpaApplication] INFO  o.a.m.s.f.DefaultMavenResourcesFiltering - Copying 0 resource from src\main\resources to target\classes
2024-06-09 01:45:39,113 [Worker-48: Launching SpringRestfulCrudMysqlJpa - SpringRestfulCrudMysqlJpaApplication] INFO  o.a.m.s.f.DefaultMavenResourcesFiltering - skip non existing resourceDirectory C:\Users\DELL\Desktop\intellije spring boot\SpringRestfulCrudMysqlJpa\src\test\resources
2024-06-09 01:52:49,702 [Worker-59: Launching SpringRestfulCrudMysqlJpa - SpringRestfulCrudMysqlJpaApplication] INFO  o.a.m.s.f.DefaultMavenResourcesFiltering - Copying 1 resource from src\main\resources to target\classes
2024-06-09 01:52:49,711 [Worker-59: Launching SpringRestfulCrudMysqlJpa - SpringRestfulCrudMysqlJpaApplication] INFO  o.a.m.s.f.DefaultMavenResourcesFiltering - Copying 0 resource from src\main\resources to target\classes
2024-06-09 01:52:49,713 [Worker-59: Launching SpringRestfulCrudMysqlJpa - SpringRestfulCrudMysqlJpaApplication] INFO  o.a.m.s.f.DefaultMavenResourcesFiltering - skip non existing resourceDirectory C:\Users\DELL\Desktop\intellije spring boot\SpringRestfulCrudMysqlJpa\src\test\resources
2024-06-09 01:54:53,055 [Worker-60: Launching SpringRestfulCrudMysqlJpa - SpringRestfulCrudMysqlJpaApplication] INFO  o.a.m.s.f.DefaultMavenResourcesFiltering - Copying 1 resource from src\main\resources to target\classes
2024-06-09 01:54:53,062 [Worker-60: Launching SpringRestfulCrudMysqlJpa - SpringRestfulCrudMysqlJpaApplication] INFO  o.a.m.s.f.DefaultMavenResourcesFiltering - Copying 0 resource from src\main\resources to target\classes
2024-06-09 01:54:53,064 [Worker-60: Launching SpringRestfulCrudMysqlJpa - SpringRestfulCrudMysqlJpaApplication] INFO  o.a.m.s.f.DefaultMavenResourcesFiltering - skip non existing resourceDirectory C:\Users\DELL\Desktop\intellije spring boot\SpringRestfulCrudMysqlJpa\src\test\resources
2024-06-09 01:56:56,462 [Worker-59: Launching SpringRestfulCrudMysqlJpa - SpringRestfulCrudMysqlJpaApplication] INFO  o.a.m.s.f.DefaultMavenResourcesFiltering - Copying 1 resource from src\main\resources to target\classes
2024-06-09 01:56:56,470 [Worker-59: Launching SpringRestfulCrudMysqlJpa - SpringRestfulCrudMysqlJpaApplication] INFO  o.a.m.s.f.DefaultMavenResourcesFiltering - Copying 0 resource from src\main\resources to target\classes
2024-06-09 01:56:56,472 [Worker-59: Launching SpringRestfulCrudMysqlJpa - SpringRestfulCrudMysqlJpaApplication] INFO  o.a.m.s.f.DefaultMavenResourcesFiltering - skip non existing resourceDirectory C:\Users\DELL\Desktop\intellije spring boot\SpringRestfulCrudMysqlJpa\src\test\resources
2024-06-09 01:59:14,405 [Worker-68: Launching SpringRestfulCrudMysqlJpa - SpringRestfulCrudMysqlJpaApplication] INFO  o.a.m.s.f.DefaultMavenResourcesFiltering - Copying 1 resource from src\main\resources to target\classes
2024-06-09 01:59:14,412 [Worker-68: Launching SpringRestfulCrudMysqlJpa - SpringRestfulCrudMysqlJpaApplication] INFO  o.a.m.s.f.DefaultMavenResourcesFiltering - Copying 0 resource from src\main\resources to target\classes
2024-06-09 01:59:14,414 [Worker-68: Launching SpringRestfulCrudMysqlJpa - SpringRestfulCrudMysqlJpaApplication] INFO  o.a.m.s.f.DefaultMavenResourcesFiltering - skip non existing resourceDirectory C:\Users\DELL\Desktop\intellije spring boot\SpringRestfulCrudMysqlJpa\src\test\resources
2024-06-09 02:00:56,787 [Worker-75: Launching SpringRestfulCrudMysqlJpa - SpringRestfulCrudMysqlJpaApplication] INFO  o.a.m.s.f.DefaultMavenResourcesFiltering - Copying 1 resource from src\main\resources to target\classes
2024-06-09 02:00:56,794 [Worker-75: Launching SpringRestfulCrudMysqlJpa - SpringRestfulCrudMysqlJpaApplication] INFO  o.a.m.s.f.DefaultMavenResourcesFiltering - Copying 0 resource from src\main\resources to target\classes
2024-06-09 02:00:56,796 [Worker-75: Launching SpringRestfulCrudMysqlJpa - SpringRestfulCrudMysqlJpaApplication] INFO  o.a.m.s.f.DefaultMavenResourcesFiltering - skip non existing resourceDirectory C:\Users\DELL\Desktop\intellije spring boot\SpringRestfulCrudMysqlJpa\src\test\resources
2024-06-09 02:01:20,355 [Worker-77: Launching SpringRestfulCrudMysqlJpa - SpringRestfulCrudMysqlJpaApplication] INFO  o.a.m.s.f.DefaultMavenResourcesFiltering - Copying 1 resource from src\main\resources to target\classes
2024-06-09 02:01:20,359 [Worker-77: Launching SpringRestfulCrudMysqlJpa - SpringRestfulCrudMysqlJpaApplication] INFO  o.a.m.s.f.DefaultMavenResourcesFiltering - Copying 0 resource from src\main\resources to target\classes
2024-06-09 02:01:20,361 [Worker-77: Launching SpringRestfulCrudMysqlJpa - SpringRestfulCrudMysqlJpaApplication] INFO  o.a.m.s.f.DefaultMavenResourcesFiltering - skip non existing resourceDirectory C:\Users\DELL\Desktop\intellije spring boot\SpringRestfulCrudMysqlJpa\src\test\resources
2024-06-09 02:02:37,479 [Worker-69: Launching SpringRestfulCrudMysqlJpa - SpringRestfulCrudMysqlJpaApplication] INFO  o.a.m.s.f.DefaultMavenResourcesFiltering - Copying 1 resource from src\main\resources to target\classes
2024-06-09 02:02:37,484 [Worker-69: Launching SpringRestfulCrudMysqlJpa - SpringRestfulCrudMysqlJpaApplication] INFO  o.a.m.s.f.DefaultMavenResourcesFiltering - Copying 0 resource from src\main\resources to target\classes
2024-06-09 02:02:37,486 [Worker-69: Launching SpringRestfulCrudMysqlJpa - SpringRestfulCrudMysqlJpaApplication] INFO  o.a.m.s.f.DefaultMavenResourcesFiltering - skip non existing resourceDirectory C:\Users\DELL\Desktop\intellije spring boot\SpringRestfulCrudMysqlJpa\src\test\resources
2024-06-09 02:12:11,908 [Worker-69: Launching SpringRestfulCrudMysqlJpa - SpringRestfulCrudMysqlJpaApplication] INFO  o.a.m.s.f.DefaultMavenResourcesFiltering - Copying 1 resource from src\main\resources to target\classes
2024-06-09 02:12:11,920 [Worker-69: Launching SpringRestfulCrudMysqlJpa - SpringRestfulCrudMysqlJpaApplication] INFO  o.a.m.s.f.DefaultMavenResourcesFiltering - Copying 0 resource from src\main\resources to target\classes
2024-06-09 02:12:11,923 [Worker-69: Launching SpringRestfulCrudMysqlJpa - SpringRestfulCrudMysqlJpaApplication] INFO  o.a.m.s.f.DefaultMavenResourcesFiltering - skip non existing resourceDirectory C:\Users\DELL\Desktop\intellije spring boot\SpringRestfulCrudMysqlJpa\src\test\resources
2024-06-09 02:13:57,247 [Worker-78: Launching SpringRestfulCrudMysqlJpa - SpringRestfulCrudMysqlJpaApplication] INFO  o.a.m.s.f.DefaultMavenResourcesFiltering - Copying 1 resource from src\main\resources to target\classes
2024-06-09 02:13:57,257 [Worker-78: Launching SpringRestfulCrudMysqlJpa - SpringRestfulCrudMysqlJpaApplication] INFO  o.a.m.s.f.DefaultMavenResourcesFiltering - Copying 0 resource from src\main\resources to target\classes
2024-06-09 02:13:57,259 [Worker-78: Launching SpringRestfulCrudMysqlJpa - SpringRestfulCrudMysqlJpaApplication] INFO  o.a.m.s.f.DefaultMavenResourcesFiltering - skip non existing resourceDirectory C:\Users\DELL\Desktop\intellije spring boot\SpringRestfulCrudMysqlJpa\src\test\resources
2024-06-09 02:14:31,289 [Worker-86: Launching SpringRestfulCrudMysqlJpa - SpringRestfulCrudMysqlJpaApplication] INFO  o.a.m.s.f.DefaultMavenResourcesFiltering - Copying 1 resource from src\main\resources to target\classes
2024-06-09 02:14:31,307 [Worker-86: Launching SpringRestfulCrudMysqlJpa - SpringRestfulCrudMysqlJpaApplication] INFO  o.a.m.s.f.DefaultMavenResourcesFiltering - Copying 0 resource from src\main\resources to target\classes
2024-06-09 02:14:31,310 [Worker-86: Launching SpringRestfulCrudMysqlJpa - SpringRestfulCrudMysqlJpaApplication] INFO  o.a.m.s.f.DefaultMavenResourcesFiltering - skip non existing resourceDirectory C:\Users\DELL\Desktop\intellije spring boot\SpringRestfulCrudMysqlJpa\src\test\resources
2024-06-09 02:16:11,156 [Worker-91: Building] INFO  o.a.m.s.f.DefaultMavenResourcesFiltering - Copying 1 resource from src\main\resources to target\classes
2024-06-09 02:16:11,162 [Worker-91: Building] INFO  o.a.m.s.f.DefaultMavenResourcesFiltering - Copying 0 resource from src\main\resources to target\classes
2024-06-09 02:16:11,164 [Worker-91: Building] INFO  o.a.m.s.f.DefaultMavenResourcesFiltering - skip non existing resourceDirectory C:\Users\DELL\Desktop\intellije spring boot\SpringRestfulCrudMysqlJpa\src\test\resources
2024-06-09 02:28:28,735 [Worker-96: Launching SpringRestfulCrudMysqlJpa - SpringRestfulCrudMysqlJpaApplication] INFO  o.a.m.s.f.DefaultMavenResourcesFiltering - Copying 1 resource from src\main\resources to target\classes
2024-06-09 02:28:28,763 [Worker-96: Launching SpringRestfulCrudMysqlJpa - SpringRestfulCrudMysqlJpaApplication] INFO  o.a.m.s.f.DefaultMavenResourcesFiltering - Copying 0 resource from src\main\resources to target\classes
2024-06-09 02:28:28,765 [Worker-96: Launching SpringRestfulCrudMysqlJpa - SpringRestfulCrudMysqlJpaApplication] INFO  o.a.m.s.f.DefaultMavenResourcesFiltering - skip non existing resourceDirectory C:\Users\DELL\Desktop\intellije spring boot\SpringRestfulCrudMysqlJpa\src\test\resources
2024-06-09 02:56:39,543 [Worker-98: Building] INFO  o.a.m.s.f.DefaultMavenResourcesFiltering - Copying 1 resource from src\main\resources to target\classes
2024-06-09 02:56:39,559 [Worker-98: Building] INFO  o.a.m.s.f.DefaultMavenResourcesFiltering - Copying 0 resource from src\main\resources to target\classes
2024-06-09 02:56:39,561 [Worker-98: Building] INFO  o.a.m.s.f.DefaultMavenResourcesFiltering - skip non existing resourceDirectory C:\Users\DELL\Desktop\intellije spring boot\SpringRestfulCrudMysqlJpa\src\test\resources
2024-06-09 03:04:21,618 [Worker-98: Building] INFO  o.a.m.s.f.DefaultMavenResourcesFiltering - Copying 1 resource from src\main\resources to target\classes
2024-06-09 03:04:21,625 [Worker-98: Building] INFO  o.a.m.s.f.DefaultMavenResourcesFiltering - Copying 0 resource from src\main\resources to target\classes
2024-06-09 03:04:21,627 [Worker-98: Building] INFO  o.a.m.s.f.DefaultMavenResourcesFiltering - skip non existing resourceDirectory C:\Users\DELL\Desktop\intellije spring boot\SpringRestfulCrudMysqlJpa\src\test\resources
2024-06-09 03:05:24,335 [Worker-100: Building] INFO  o.a.m.s.f.DefaultMavenResourcesFiltering - Copying 1 resource from src\main\resources to target\classes
2024-06-09 03:05:24,340 [Worker-100: Building] INFO  o.a.m.s.f.DefaultMavenResourcesFiltering - Copying 0 resource from src\main\resources to target\classes
2024-06-09 03:05:24,342 [Worker-100: Building] INFO  o.a.m.s.f.DefaultMavenResourcesFiltering - skip non existing resourceDirectory C:\Users\DELL\Desktop\intellije spring boot\SpringRestfulCrudMysqlJpa\src\test\resources
2024-06-09 03:06:43,963 [Worker-105: Building] INFO  o.a.m.s.f.DefaultMavenResourcesFiltering - Copying 1 resource from src\main\resources to target\classes
2024-06-09 03:06:43,969 [Worker-105: Building] INFO  o.a.m.s.f.DefaultMavenResourcesFiltering - Copying 0 resource from src\main\resources to target\classes
2024-06-09 03:06:43,971 [Worker-105: Building] INFO  o.a.m.s.f.DefaultMavenResourcesFiltering - skip non existing resourceDirectory C:\Users\DELL\Desktop\intellije spring boot\SpringRestfulCrudMysqlJpa\src\test\resources
2024-06-09 03:07:28,718 [Worker-100: Building] INFO  o.a.m.s.f.DefaultMavenResourcesFiltering - Copying 1 resource from src\main\resources to target\classes
2024-06-09 03:07:28,724 [Worker-100: Building] INFO  o.a.m.s.f.DefaultMavenResourcesFiltering - Copying 0 resource from src\main\resources to target\classes
2024-06-09 03:07:28,726 [Worker-100: Building] INFO  o.a.m.s.f.DefaultMavenResourcesFiltering - skip non existing resourceDirectory C:\Users\DELL\Desktop\intellije spring boot\SpringRestfulCrudMysqlJpa\src\test\resources
2024-06-09 03:13:31,762 [Worker-98: Building] INFO  o.a.m.s.f.DefaultMavenResourcesFiltering - Copying 1 resource from src\main\resources to target\classes
2024-06-09 03:13:31,769 [Worker-98: Building] INFO  o.a.m.s.f.DefaultMavenResourcesFiltering - Copying 0 resource from src\main\resources to target\classes
2024-06-09 03:13:31,771 [Worker-98: Building] INFO  o.a.m.s.f.DefaultMavenResourcesFiltering - skip non existing resourceDirectory C:\Users\DELL\Desktop\intellije spring boot\SpringRestfulCrudMysqlJpa\src\test\resources
2024-06-09 03:15:41,801 [Worker-100: Building] INFO  o.a.m.s.f.DefaultMavenResourcesFiltering - Copying 1 resource from src\main\resources to target\classes
2024-06-09 03:15:41,805 [Worker-100: Building] INFO  o.a.m.s.f.DefaultMavenResourcesFiltering - Copying 0 resource from src\main\resources to target\classes
2024-06-09 03:15:41,807 [Worker-100: Building] INFO  o.a.m.s.f.DefaultMavenResourcesFiltering - skip non existing resourceDirectory C:\Users\DELL\Desktop\intellije spring boot\SpringRestfulCrudMysqlJpa\src\test\resources
2024-06-09 03:16:21,054 [Worker-105: Building] INFO  o.a.m.s.f.DefaultMavenResourcesFiltering - Copying 1 resource from src\main\resources to target\classes
2024-06-09 03:16:21,061 [Worker-105: Building] INFO  o.a.m.s.f.DefaultMavenResourcesFiltering - Copying 0 resource from src\main\resources to target\classes
2024-06-09 03:16:21,063 [Worker-105: Building] INFO  o.a.m.s.f.DefaultMavenResourcesFiltering - skip non existing resourceDirectory C:\Users\DELL\Desktop\intellije spring boot\SpringRestfulCrudMysqlJpa\src\test\resources
2024-06-09 03:23:29,777 [Worker-108: Building] INFO  o.a.m.s.f.DefaultMavenResourcesFiltering - Copying 1 resource from src\main\resources to target\classes
2024-06-09 03:23:29,782 [Worker-108: Building] INFO  o.a.m.s.f.DefaultMavenResourcesFiltering - Copying 0 resource from src\main\resources to target\classes
2024-06-09 03:23:29,785 [Worker-108: Building] INFO  o.a.m.s.f.DefaultMavenResourcesFiltering - skip non existing resourceDirectory C:\Users\DELL\Desktop\intellije spring boot\SpringRestfulCrudMysqlJpa\src\test\resources
2024-06-09 08:12:13,649 [Worker-115: Building] INFO  o.a.m.s.f.DefaultMavenResourcesFiltering - Copying 1 resource from src\main\resources to target\classes
2024-06-09 08:12:13,672 [Worker-115: Building] INFO  o.a.m.s.f.DefaultMavenResourcesFiltering - Copying 0 resource from src\main\resources to target\classes
2024-06-09 08:12:13,674 [Worker-115: Building] INFO  o.a.m.s.f.DefaultMavenResourcesFiltering - skip non existing resourceDirectory C:\Users\DELL\Desktop\intellije spring boot\SpringRestfulCrudMysqlJpa\src\test\resources
2024-06-09 08:37:10,058 [Worker-7: Loading available Gradle versions] INFO  o.e.b.c.i.u.g.PublishedGradleVersions - Gradle version information cache is up-to-date. Trying to read.
2024-06-09 09:03:16,808 [Worker-4: Loading available Gradle versions] INFO  o.e.b.c.i.u.g.PublishedGradleVersions - Gradle version information cache is up-to-date. Trying to read.
2024-06-09 09:09:04,561 [Worker-11: Building] INFO  o.a.m.s.f.DefaultMavenResourcesFiltering - Copying 1 resource from src\main\resources to target\classes
2024-06-09 09:09:04,596 [Worker-11: Building] INFO  o.a.m.s.f.DefaultMavenResourcesFiltering - Copying 0 resource from src\main\resources to target\classes
2024-06-09 09:09:04,599 [Worker-11: Building] INFO  o.a.m.s.f.DefaultMavenResourcesFiltering - skip non existing resourceDirectory C:\Users\DELL\Desktop\intellije spring boot\SpringRestfulCrudMysqlJpa\src\test\resources
2024-06-09 09:23:37,457 [Worker-28: Building] INFO  o.a.m.s.f.DefaultMavenResourcesFiltering - Copying 1 resource from src\main\resources to target\classes
2024-06-09 09:23:37,469 [Worker-28: Building] INFO  o.a.m.s.f.DefaultMavenResourcesFiltering - Copying 0 resource from src\main\resources to target\classes
2024-06-09 09:23:37,472 [Worker-28: Building] INFO  o.a.m.s.f.DefaultMavenResourcesFiltering - skip non existing resourceDirectory C:\Users\DELL\Desktop\intellije spring boot\SpringRestfulCrudMysqlJpa\src\test\resources
2024-06-09 09:24:19,857 [Worker-29: Building] INFO  o.a.m.s.f.DefaultMavenResourcesFiltering - Copying 1 resource from src\main\resources to target\classes
2024-06-09 09:24:19,860 [Worker-29: Building] INFO  o.a.m.s.f.DefaultMavenResourcesFiltering - Copying 0 resource from src\main\resources to target\classes
2024-06-09 09:24:19,862 [Worker-29: Building] INFO  o.a.m.s.f.DefaultMavenResourcesFiltering - skip non existing resourceDirectory C:\Users\DELL\Desktop\intellije spring boot\SpringRestfulCrudMysqlJpa\src\test\resources
2024-06-09 09:24:42,672 [Worker-9: Launching SpringRestfulCrudMysqlJpa - SpringRestfulCrudMysqlJpaApplication] INFO  o.a.m.s.f.DefaultMavenResourcesFiltering - Copying 1 resource from src\main\resources to target\classes
2024-06-09 09:24:42,681 [Worker-9: Launching SpringRestfulCrudMysqlJpa - SpringRestfulCrudMysqlJpaApplication] INFO  o.a.m.s.f.DefaultMavenResourcesFiltering - Copying 0 resource from src\main\resources to target\classes
2024-06-09 09:24:42,683 [Worker-9: Launching SpringRestfulCrudMysqlJpa - SpringRestfulCrudMysqlJpaApplication] INFO  o.a.m.s.f.DefaultMavenResourcesFiltering - skip non existing resourceDirectory C:\Users\DELL\Desktop\intellije spring boot\SpringRestfulCrudMysqlJpa\src\test\resources
2024-06-09 09:27:50,517 [Worker-34: Building] INFO  o.a.m.s.f.DefaultMavenResourcesFiltering - Copying 1 resource from src\main\resources to target\classes
2024-06-09 09:27:50,519 [Worker-34: Building] INFO  o.a.m.s.f.DefaultMavenResourcesFiltering - Copying 0 resource from src\main\resources to target\classes
2024-06-09 09:27:50,522 [Worker-34: Building] INFO  o.a.m.s.f.DefaultMavenResourcesFiltering - skip non existing resourceDirectory C:\Users\DELL\Desktop\intellije spring boot\SpringRestfulCrudMysqlJpa\src\test\resources
2024-06-09 09:33:04,836 [Worker-31: Building] INFO  o.a.m.s.f.DefaultMavenResourcesFiltering - Copying 1 resource from src\main\resources to target\classes
2024-06-09 09:33:04,850 [Worker-31: Building] INFO  o.a.m.s.f.DefaultMavenResourcesFiltering - Copying 0 resource from src\main\resources to target\classes
2024-06-09 09:33:04,853 [Worker-31: Building] INFO  o.a.m.s.f.DefaultMavenResourcesFiltering - skip non existing resourceDirectory C:\Users\DELL\Desktop\intellije spring boot\SpringRestfulCrudMysqlJpa\src\test\resources
2024-06-09 09:44:47,911 [Worker-33: Building] INFO  o.a.m.s.f.DefaultMavenResourcesFiltering - Copying 1 resource from src\main\resources to target\classes
2024-06-09 09:44:47,918 [Worker-33: Building] INFO  o.a.m.s.f.DefaultMavenResourcesFiltering - Copying 0 resource from src\main\resources to target\classes
2024-06-09 09:44:47,919 [Worker-33: Building] INFO  o.a.m.s.f.DefaultMavenResourcesFiltering - skip non existing resourceDirectory C:\Users\DELL\Desktop\intellije spring boot\SpringRestfulCrudMysqlJpa\src\test\resources
2024-06-09 09:46:08,362 [Worker-33: Launching SpringRestfulCrudMysqlJpa - SpringRestfulCrudMysqlJpaApplication] INFO  o.a.m.s.f.DefaultMavenResourcesFiltering - Copying 1 resource from src\main\resources to target\classes
2024-06-09 09:46:08,368 [Worker-33: Launching SpringRestfulCrudMysqlJpa - SpringRestfulCrudMysqlJpaApplication] INFO  o.a.m.s.f.DefaultMavenResourcesFiltering - Copying 0 resource from src\main\resources to target\classes
2024-06-09 09:46:08,374 [Worker-33: Launching SpringRestfulCrudMysqlJpa - SpringRestfulCrudMysqlJpaApplication] INFO  o.a.m.s.f.DefaultMavenResourcesFiltering - skip non existing resourceDirectory C:\Users\DELL\Desktop\intellije spring boot\SpringRestfulCrudMysqlJpa\src\test\resources
2024-06-09 09:47:38,327 [Worker-38: Building] INFO  o.a.m.s.f.DefaultMavenResourcesFiltering - Copying 0 resource from src\main\resources to target\classes
2024-06-09 09:47:38,328 [Worker-38: Building] INFO  o.a.m.s.f.DefaultMavenResourcesFiltering - Copying 0 resource from src\main\resources to target\classes
2024-06-09 09:47:38,330 [Worker-38: Building] INFO  o.a.m.s.f.DefaultMavenResourcesFiltering - Copying 0 resource from src\test\resources to target\test-classes
2024-06-09 09:48:20,552 [Worker-42: Launching SpringRestfulCrudMysqlJpa - SpringRestfulCrudMysqlJpaApplication] INFO  o.a.m.s.f.DefaultMavenResourcesFiltering - Copying 1 resource from src\main\resources to target\classes
2024-06-09 09:48:20,561 [Worker-42: Launching SpringRestfulCrudMysqlJpa - SpringRestfulCrudMysqlJpaApplication] INFO  o.a.m.s.f.DefaultMavenResourcesFiltering - Copying 0 resource from src\main\resources to target\classes
2024-06-09 09:48:20,565 [Worker-42: Launching SpringRestfulCrudMysqlJpa - SpringRestfulCrudMysqlJpaApplication] INFO  o.a.m.s.f.DefaultMavenResourcesFiltering - Copying 0 resource from src\test\resources to target\test-classes
2024-06-09 10:01:01,260 [Worker-48: Launching SpringRestfulCrudMysqlJpa - SpringRestfulCrudMysqlJpaApplication] INFO  o.a.m.s.f.DefaultMavenResourcesFiltering - Copying 1 resource from src\main\resources to target\classes
2024-06-09 10:01:01,266 [Worker-48: Launching SpringRestfulCrudMysqlJpa - SpringRestfulCrudMysqlJpaApplication] INFO  o.a.m.s.f.DefaultMavenResourcesFiltering - Copying 0 resource from src\main\resources to target\classes
2024-06-09 10:01:01,274 [Worker-48: Launching SpringRestfulCrudMysqlJpa - SpringRestfulCrudMysqlJpaApplication] INFO  o.a.m.s.f.DefaultMavenResourcesFiltering - Copying 0 resource from src\test\resources to target\test-classes
2024-06-09 10:04:46,893 [Worker-52: Building] INFO  o.a.m.s.f.DefaultMavenResourcesFiltering - Copying 1 resource from src\main\resources to target\classes
2024-06-09 10:04:46,901 [Worker-52: Building] INFO  o.a.m.s.f.DefaultMavenResourcesFiltering - Copying 0 resource from src\main\resources to target\classes
2024-06-09 10:04:46,903 [Worker-52: Building] INFO  o.a.m.s.f.DefaultMavenResourcesFiltering - Copying 0 resource from src\test\resources to target\test-classes
2024-06-09 10:04:53,207 [Worker-53: Building] INFO  o.a.m.s.f.DefaultMavenResourcesFiltering - Copying 0 resource from src\main\resources to target\classes
2024-06-09 10:04:53,208 [Worker-53: Building] INFO  o.a.m.s.f.DefaultMavenResourcesFiltering - Copying 1 resource from src\main\resources to target\classes
2024-06-09 10:04:53,213 [Worker-53: Building] INFO  o.a.m.s.f.DefaultMavenResourcesFiltering - Copying 0 resource from src\test\resources to target\test-classes
2024-06-09 10:05:47,844 [Worker-55: Building] INFO  o.a.m.s.f.DefaultMavenResourcesFiltering - Copying 1 resource from src\main\resources to target\classes
2024-06-09 10:05:47,849 [Worker-55: Building] INFO  o.a.m.s.f.DefaultMavenResourcesFiltering - Copying 0 resource from src\main\resources to target\classes
2024-06-09 10:05:47,851 [Worker-55: Building] INFO  o.a.m.s.f.DefaultMavenResourcesFiltering - Copying 0 resource from src\test\resources to target\test-classes
2024-06-09 10:32:46,624 [Worker-60: Building] INFO  o.a.m.s.f.DefaultMavenResourcesFiltering - Copying 0 resource from src\main\resources to target\classes
2024-06-09 10:32:46,626 [Worker-60: Building] INFO  o.a.m.s.f.DefaultMavenResourcesFiltering - Copying 0 resource from src\main\resources to target\classes
2024-06-09 10:32:46,629 [Worker-60: Building] INFO  o.a.m.s.f.DefaultMavenResourcesFiltering - Copying 0 resource from src\test\resources to target\test-classes
2024-06-09 10:32:53,781 [Worker-58: Building] INFO  o.a.m.s.f.DefaultMavenResourcesFiltering - Copying 0 resource from src\main\resources to target\classes
2024-06-09 10:32:53,782 [Worker-58: Building] INFO  o.a.m.s.f.DefaultMavenResourcesFiltering - Copying 0 resource from src\main\resources to target\classes
2024-06-09 10:32:53,787 [Worker-58: Building] INFO  o.a.m.s.f.DefaultMavenResourcesFiltering - Copying 0 resource from src\test\resources to target\test-classes
2024-06-09 10:38:44,232 [Worker-67: Building] INFO  o.a.m.s.f.DefaultMavenResourcesFiltering - Copying 1 resource from src\main\resources to target\classes
2024-06-09 10:38:44,242 [Worker-67: Building] INFO  o.a.m.s.f.DefaultMavenResourcesFiltering - Copying 1 resource from src\main\resources to target\classes
2024-06-09 10:38:44,246 [Worker-67: Building] INFO  o.a.m.s.f.DefaultMavenResourcesFiltering - Copying 0 resource from src\test\resources to target\test-classes
2024-06-09 10:39:25,326 [Worker-7: Loading available Gradle versions] INFO  o.e.b.c.i.u.g.PublishedGradleVersions - Gradle version information cache is up-to-date. Trying to read.
2024-06-09 10:41:20,111 [Worker-9: Building] INFO  o.a.m.s.f.DefaultMavenResourcesFiltering - Copying 1 resource from src\main\resources to target\classes
2024-06-09 10:41:20,140 [Worker-9: Building] INFO  o.a.m.s.f.DefaultMavenResourcesFiltering - Copying 1 resource from src\main\resources to target\classes
2024-06-09 10:41:20,147 [Worker-9: Building] INFO  o.a.m.s.f.DefaultMavenResourcesFiltering - Copying 0 resource from src\test\resources to target\test-classes
2024-06-09 11:00:31,628 [Worker-22: Building] INFO  o.a.m.s.f.DefaultMavenResourcesFiltering - Copying 1 resource from src\main\resources to target\classes
2024-06-09 11:00:31,637 [Worker-22: Building] INFO  o.a.m.s.f.DefaultMavenResourcesFiltering - Copying 1 resource from src\main\resources to target\classes
2024-06-09 11:00:31,642 [Worker-22: Building] INFO  o.a.m.s.f.DefaultMavenResourcesFiltering - Copying 0 resource from src\test\resources to target\test-classes
2024-06-09 11:05:11,311 [Worker-27: Launching SpringRestfulCrudMysqlJpa - SpringRestfulCrudMysqlJpaApplication] INFO  o.a.m.s.f.DefaultMavenResourcesFiltering - Copying 1 resource from src\main\resources to target\classes
2024-06-09 11:05:11,321 [Worker-27: Launching SpringRestfulCrudMysqlJpa - SpringRestfulCrudMysqlJpaApplication] INFO  o.a.m.s.f.DefaultMavenResourcesFiltering - Copying 1 resource from src\main\resources to target\classes
2024-06-09 11:05:11,325 [Worker-27: Launching SpringRestfulCrudMysqlJpa - SpringRestfulCrudMysqlJpaApplication] INFO  o.a.m.s.f.DefaultMavenResourcesFiltering - Copying 0 resource from src\test\resources to target\test-classes
2024-06-09 11:16:45,958 [Worker-37: Launching SpringRestfulCrudMysqlJpa - SpringRestfulCrudMysqlJpaApplication] INFO  o.a.m.s.f.DefaultMavenResourcesFiltering - Copying 1 resource from src\main\resources to target\classes
2024-06-09 11:16:45,967 [Worker-37: Launching SpringRestfulCrudMysqlJpa - SpringRestfulCrudMysqlJpaApplication] INFO  o.a.m.s.f.DefaultMavenResourcesFiltering - Copying 1 resource from src\main\resources to target\classes
2024-06-09 11:16:45,971 [Worker-37: Launching SpringRestfulCrudMysqlJpa - SpringRestfulCrudMysqlJpaApplication] INFO  o.a.m.s.f.DefaultMavenResourcesFiltering - Copying 0 resource from src\test\resources to target\test-classes
2024-06-09 12:15:27,598 [Worker-44: Import Getting Started Content] INFO  o.e.m.c.i.l.LifecycleMappingFactory - Using org.eclipse.m2e.jdt.JarLifecycleMapping lifecycle mapping for MavenProject: com.prabhat:SpringBootThymeleaf:0.0.1-SNAPSHOT @ C:\Users\DELL\Desktop\intellije spring boot\Thymeleaf_springboot_learning\pom.xml.
2024-06-09 12:15:27,890 [Worker-44: Import Getting Started Content] INFO  o.e.m.c.i.e.AbstractTransferListenerAdapter - Downloading https://repo.maven.apache.org/maven2/org/springframework/boot/spring-boot-starter-thymeleaf/3.3.0/spring-boot-starter-thymeleaf-3.3.0.pom
2024-06-09 12:15:27,906 [Worker-44: Import Getting Started Content] INFO  o.e.m.c.i.e.AbstractTransferListenerAdapter - Downloaded https://repo.maven.apache.org/maven2/org/springframework/boot/spring-boot-starter-thymeleaf/3.3.0/spring-boot-starter-thymeleaf-3.3.0.pom
2024-06-09 12:15:27,982 [Worker-44: Import Getting Started Content] INFO  o.e.m.c.i.e.AbstractTransferListenerAdapter - Downloading https://repo.maven.apache.org/maven2/org/thymeleaf/thymeleaf-spring6/3.1.2.RELEASE/thymeleaf-spring6-3.1.2.RELEASE.pom
2024-06-09 12:15:27,986 [Worker-44: Import Getting Started Content] INFO  o.e.m.c.i.e.AbstractTransferListenerAdapter - Downloaded https://repo.maven.apache.org/maven2/org/thymeleaf/thymeleaf-spring6/3.1.2.RELEASE/thymeleaf-spring6-3.1.2.RELEASE.pom
2024-06-09 12:15:28,010 [Worker-44: Import Getting Started Content] INFO  o.e.m.c.i.e.AbstractTransferListenerAdapter - Downloading https://repo.maven.apache.org/maven2/org/thymeleaf/thymeleaf-lib/3.1.2.RELEASE/thymeleaf-lib-3.1.2.RELEASE.pom
2024-06-09 12:15:28,017 [Worker-44: Import Getting Started Content] INFO  o.e.m.c.i.e.AbstractTransferListenerAdapter - Downloaded https://repo.maven.apache.org/maven2/org/thymeleaf/thymeleaf-lib/3.1.2.RELEASE/thymeleaf-lib-3.1.2.RELEASE.pom
2024-06-09 12:15:28,056 [Worker-44: Import Getting Started Content] INFO  o.e.m.c.i.e.AbstractTransferListenerAdapter - Downloading https://repo.maven.apache.org/maven2/org/thymeleaf/thymeleaf-parent/3.1.2.RELEASE/thymeleaf-parent-3.1.2.RELEASE.pom
2024-06-09 12:15:28,062 [Worker-44: Import Getting Started Content] INFO  o.e.m.c.i.e.AbstractTransferListenerAdapter - Downloaded https://repo.maven.apache.org/maven2/org/thymeleaf/thymeleaf-parent/3.1.2.RELEASE/thymeleaf-parent-3.1.2.RELEASE.pom
2024-06-09 12:15:28,081 [Worker-44: Import Getting Started Content] INFO  o.e.m.c.i.e.AbstractTransferListenerAdapter - Downloading https://repo.maven.apache.org/maven2/org/springframework/spring-framework-bom/6.0.11/spring-framework-bom-6.0.11.pom
2024-06-09 12:15:28,085 [Worker-44: Import Getting Started Content] INFO  o.e.m.c.i.e.AbstractTransferListenerAdapter - Downloaded https://repo.maven.apache.org/maven2/org/springframework/spring-framework-bom/6.0.11/spring-framework-bom-6.0.11.pom
2024-06-09 12:15:28,120 [Worker-44: Import Getting Started Content] INFO  o.e.m.c.i.e.AbstractTransferListenerAdapter - Downloading https://repo.maven.apache.org/maven2/com/fasterxml/jackson/jackson-bom/2.15.2/jackson-bom-2.15.2.pom
2024-06-09 12:15:28,126 [Worker-44: Import Getting Started Content] INFO  o.e.m.c.i.e.AbstractTransferListenerAdapter - Downloaded https://repo.maven.apache.org/maven2/com/fasterxml/jackson/jackson-bom/2.15.2/jackson-bom-2.15.2.pom
2024-06-09 12:15:28,147 [Worker-44: Import Getting Started Content] INFO  o.e.m.c.i.e.AbstractTransferListenerAdapter - Downloading https://repo.maven.apache.org/maven2/com/fasterxml/jackson/jackson-parent/2.15/jackson-parent-2.15.pom
2024-06-09 12:15:28,151 [Worker-44: Import Getting Started Content] INFO  o.e.m.c.i.e.AbstractTransferListenerAdapter - Downloaded https://repo.maven.apache.org/maven2/com/fasterxml/jackson/jackson-parent/2.15/jackson-parent-2.15.pom
2024-06-09 12:15:28,172 [Worker-44: Import Getting Started Content] INFO  o.e.m.c.i.e.AbstractTransferListenerAdapter - Downloading https://repo.maven.apache.org/maven2/com/fasterxml/oss-parent/50/oss-parent-50.pom
2024-06-09 12:15:28,176 [Worker-44: Import Getting Started Content] INFO  o.e.m.c.i.e.AbstractTransferListenerAdapter - Downloaded https://repo.maven.apache.org/maven2/com/fasterxml/oss-parent/50/oss-parent-50.pom
2024-06-09 12:15:28,197 [Worker-44: Import Getting Started Content] INFO  o.e.m.c.i.e.AbstractTransferListenerAdapter - Downloading https://repo.maven.apache.org/maven2/io/projectreactor/reactor-bom/2022.0.9/reactor-bom-2022.0.9.pom
2024-06-09 12:15:28,210 [Worker-44: Import Getting Started Content] INFO  o.e.m.c.i.e.AbstractTransferListenerAdapter - Downloaded https://repo.maven.apache.org/maven2/io/projectreactor/reactor-bom/2022.0.9/reactor-bom-2022.0.9.pom
2024-06-09 12:15:28,237 [Worker-44: Import Getting Started Content] INFO  o.e.m.c.i.e.AbstractTransferListenerAdapter - Downloading https://repo.maven.apache.org/maven2/org/apache/logging/log4j/log4j-bom/2.20.0/log4j-bom-2.20.0.pom
2024-06-09 12:15:28,243 [Worker-44: Import Getting Started Content] INFO  o.e.m.c.i.e.AbstractTransferListenerAdapter - Downloaded https://repo.maven.apache.org/maven2/org/apache/logging/log4j/log4j-bom/2.20.0/log4j-bom-2.20.0.pom
2024-06-09 12:15:28,261 [Worker-44: Import Getting Started Content] INFO  o.e.m.c.i.e.AbstractTransferListenerAdapter - Downloading https://repo.maven.apache.org/maven2/org/apache/logging/logging-parent/7/logging-parent-7.pom
2024-06-09 12:15:28,265 [Worker-44: Import Getting Started Content] INFO  o.e.m.c.i.e.AbstractTransferListenerAdapter - Downloaded https://repo.maven.apache.org/maven2/org/apache/logging/logging-parent/7/logging-parent-7.pom
2024-06-09 12:15:28,288 [Worker-44: Import Getting Started Content] INFO  o.e.m.c.i.e.AbstractTransferListenerAdapter - Downloading https://repo.maven.apache.org/maven2/org/thymeleaf/thymeleaf/3.1.2.RELEASE/thymeleaf-3.1.2.RELEASE.pom
2024-06-09 12:15:28,291 [Worker-44: Import Getting Started Content] INFO  o.e.m.c.i.e.AbstractTransferListenerAdapter - Downloaded https://repo.maven.apache.org/maven2/org/thymeleaf/thymeleaf/3.1.2.RELEASE/thymeleaf-3.1.2.RELEASE.pom
2024-06-09 12:15:28,317 [Worker-44: Import Getting Started Content] INFO  o.e.m.c.i.e.AbstractTransferListenerAdapter - Downloading https://repo.maven.apache.org/maven2/org/attoparser/attoparser/2.0.7.RELEASE/attoparser-2.0.7.RELEASE.pom
2024-06-09 12:15:28,320 [Worker-44: Import Getting Started Content] INFO  o.e.m.c.i.e.AbstractTransferListenerAdapter - Downloaded https://repo.maven.apache.org/maven2/org/attoparser/attoparser/2.0.7.RELEASE/attoparser-2.0.7.RELEASE.pom
2024-06-09 12:15:28,340 [Worker-44: Import Getting Started Content] INFO  o.e.m.c.i.e.AbstractTransferListenerAdapter - Downloading https://repo.maven.apache.org/maven2/org/unbescape/unbescape/1.1.6.RELEASE/unbescape-1.1.6.RELEASE.pom
2024-06-09 12:15:28,347 [Worker-44: Import Getting Started Content] INFO  o.e.m.c.i.e.AbstractTransferListenerAdapter - Downloaded https://repo.maven.apache.org/maven2/org/unbescape/unbescape/1.1.6.RELEASE/unbescape-1.1.6.RELEASE.pom
2024-06-09 12:15:28,503 [Worker-44: Import Getting Started Content] INFO  o.e.m.c.i.e.AbstractTransferListenerAdapter - Downloading https://repo.maven.apache.org/maven2/org/springframework/boot/spring-boot-starter-thymeleaf/3.3.0/spring-boot-starter-thymeleaf-3.3.0.jar
2024-06-09 12:15:28,507 [Worker-44: Import Getting Started Content] INFO  o.e.m.c.i.e.AbstractTransferListenerAdapter - Downloaded https://repo.maven.apache.org/maven2/org/springframework/boot/spring-boot-starter-thymeleaf/3.3.0/spring-boot-starter-thymeleaf-3.3.0.jar
2024-06-09 12:15:28,534 [BasicRepositoryConnector-repo.maven.apache.org-0-0] INFO  o.e.m.c.i.e.AbstractTransferListenerAdapter - Downloading https://repo.maven.apache.org/maven2/org/thymeleaf/thymeleaf-spring6/3.1.2.RELEASE/thymeleaf-spring6-3.1.2.RELEASE.jar
2024-06-09 12:15:28,569 [BasicRepositoryConnector-repo.maven.apache.org-0-3] INFO  o.e.m.c.i.e.AbstractTransferListenerAdapter - Downloading https://repo.maven.apache.org/maven2/org/unbescape/unbescape/1.1.6.RELEASE/unbescape-1.1.6.RELEASE.jar
2024-06-09 12:15:28,575 [BasicRepositoryConnector-repo.maven.apache.org-0-0] INFO  o.e.m.c.i.e.AbstractTransferListenerAdapter - Downloaded https://repo.maven.apache.org/maven2/org/thymeleaf/thymeleaf-spring6/3.1.2.RELEASE/thymeleaf-spring6-3.1.2.RELEASE.jar
2024-06-09 12:15:28,576 [BasicRepositoryConnector-repo.maven.apache.org-0-2] INFO  o.e.m.c.i.e.AbstractTransferListenerAdapter - Downloading https://repo.maven.apache.org/maven2/org/attoparser/attoparser/2.0.7.RELEASE/attoparser-2.0.7.RELEASE.jar
2024-06-09 12:15:28,578 [BasicRepositoryConnector-repo.maven.apache.org-0-1] INFO  o.e.m.c.i.e.AbstractTransferListenerAdapter - Downloading https://repo.maven.apache.org/maven2/org/thymeleaf/thymeleaf/3.1.2.RELEASE/thymeleaf-3.1.2.RELEASE.jar
2024-06-09 12:15:28,650 [BasicRepositoryConnector-repo.maven.apache.org-0-3] INFO  o.e.m.c.i.e.AbstractTransferListenerAdapter - Downloaded https://repo.maven.apache.org/maven2/org/unbescape/unbescape/1.1.6.RELEASE/unbescape-1.1.6.RELEASE.jar
2024-06-09 12:15:28,681 [BasicRepositoryConnector-repo.maven.apache.org-0-2] INFO  o.e.m.c.i.e.AbstractTransferListenerAdapter - Downloaded https://repo.maven.apache.org/maven2/org/attoparser/attoparser/2.0.7.RELEASE/attoparser-2.0.7.RELEASE.jar
2024-06-09 12:15:28,832 [BasicRepositoryConnector-repo.maven.apache.org-0-1] INFO  o.e.m.c.i.e.AbstractTransferListenerAdapter - Downloaded https://repo.maven.apache.org/maven2/org/thymeleaf/thymeleaf/3.1.2.RELEASE/thymeleaf-3.1.2.RELEASE.jar
2024-06-09 12:15:29,377 [Worker-44: Import Getting Started Content] INFO  o.e.m.c.i.l.LifecycleMappingFactory - Using org.eclipse.m2e.jdt.JarLifecycleMapping lifecycle mapping for MavenProject: com.prabhat:springboot1:0.0.1-SNAPSHOT @ C:\Users\DELL\Desktop\intellije spring boot\springbootdemo\pom.xml.
2024-06-09 12:15:29,873 [Worker-44: Import Getting Started Content] INFO  o.e.m.c.i.l.LifecycleMappingFactory - Using org.eclipse.m2e.jdt.JarLifecycleMapping lifecycle mapping for MavenProject: com.prabhat:lombokdemo:0.0.1-SNAPSHOT @ C:\Users\DELL\Desktop\intellije spring boot\lombokCheckdemo\pom.xml.
2024-06-09 12:15:30,250 [Worker-44: Import Getting Started Content] INFO  o.e.m.c.i.l.LifecycleMappingFactory - Using org.eclipse.m2e.jdt.JarLifecycleMapping lifecycle mapping for MavenProject: com.prabhat:RestfulCrudJpa:0.0.1-SNAPSHOT @ C:\Users\DELL\Desktop\intellije spring boot\SpringRestfulCrudMysqlJpa\pom.xml.
2024-06-09 12:15:31,288 [Worker-44: Import Getting Started Content] INFO  o.e.m.j.i.AbstractJavaProjectConfigurator - Adding source folder /Thymeleaf_springboot_learning/src/main/java
2024-06-09 12:15:31,291 [Worker-44: Import Getting Started Content] INFO  o.e.m.j.i.AbstractJavaProjectConfigurator - Adding resource folder /Thymeleaf_springboot_learning/src/main/resources
2024-06-09 12:15:31,294 [Worker-44: Import Getting Started Content] INFO  o.e.m.j.i.AbstractJavaProjectConfigurator - Adding resource folder /Thymeleaf_springboot_learning/src/main/resources
2024-06-09 12:15:31,296 [Worker-44: Import Getting Started Content] INFO  o.e.m.j.i.AbstractJavaProjectConfigurator - Adding source folder /Thymeleaf_springboot_learning/src/test/java
2024-06-09 12:15:31,296 [Worker-44: Import Getting Started Content] INFO  o.e.m.j.i.AbstractJavaProjectConfigurator - Adding resource folder /Thymeleaf_springboot_learning/src/test/resources
2024-06-09 12:15:31,457 [Worker-44: Import Getting Started Content] INFO  o.e.m.c.i.p.ProjectConfigurationManager - Imported and configured 1 project(s) in 4 sec
2024-06-09 12:15:31,460 [Worker-44: Import Getting Started Content] INFO  o.e.m.c.i.p.ProjectConfigurationManager - Update started
2024-06-09 12:15:31,695 [Worker-44: Import Getting Started Content] INFO  o.e.m.c.i.l.LifecycleMappingFactory - Using org.eclipse.m2e.jdt.JarLifecycleMapping lifecycle mapping for MavenProject: com.prabhat:SpringBootThymeleaf:0.0.1-SNAPSHOT @ C:\Users\DELL\Desktop\intellije spring boot\Thymeleaf_springboot_learning\pom.xml.
2024-06-09 12:15:32,150 [Worker-46: Download sources and javadoc] INFO  o.e.m.c.i.e.AbstractTransferListenerAdapter - Downloading https://repo.maven.apache.org/maven2/org/springframework/boot/spring-boot-starter-thymeleaf/3.3.0/spring-boot-starter-thymeleaf-3.3.0-sources.jar
2024-06-09 12:15:32,156 [Worker-46: Download sources and javadoc] INFO  o.e.m.c.i.e.AbstractTransferListenerAdapter - Downloaded https://repo.maven.apache.org/maven2/org/springframework/boot/spring-boot-starter-thymeleaf/3.3.0/spring-boot-starter-thymeleaf-3.3.0-sources.jar
2024-06-09 12:15:32,160 [Worker-46: Download sources and javadoc] INFO  o.e.m.j.internal.DownloadSourcesJob - Downloaded sources for org.springframework.boot:spring-boot-starter-thymeleaf:3.3.0
2024-06-09 12:15:32,180 [Worker-44: Import Getting Started Content] INFO  o.e.m.j.i.AbstractJavaProjectConfigurator - Adding source folder /Thymeleaf_springboot_learning/src/main/java
2024-06-09 12:15:32,181 [Worker-44: Import Getting Started Content] INFO  o.e.m.j.i.AbstractJavaProjectConfigurator - Adding resource folder /Thymeleaf_springboot_learning/src/main/resources
2024-06-09 12:15:32,182 [Worker-44: Import Getting Started Content] INFO  o.e.m.j.i.AbstractJavaProjectConfigurator - Adding resource folder /Thymeleaf_springboot_learning/src/main/resources
2024-06-09 12:15:32,182 [Worker-44: Import Getting Started Content] INFO  o.e.m.j.i.AbstractJavaProjectConfigurator - Adding source folder /Thymeleaf_springboot_learning/src/test/java
2024-06-09 12:15:32,183 [Worker-44: Import Getting Started Content] INFO  o.e.m.j.i.AbstractJavaProjectConfigurator - Adding resource folder /Thymeleaf_springboot_learning/src/test/resources
2024-06-09 12:15:32,214 [Worker-46: Download sources and javadoc] INFO  o.e.m.c.i.e.AbstractTransferListenerAdapter - Downloading https://repo.maven.apache.org/maven2/org/thymeleaf/thymeleaf-spring6/3.1.2.RELEASE/thymeleaf-spring6-3.1.2.RELEASE-sources.jar
2024-06-09 12:15:32,254 [Worker-46: Download sources and javadoc] INFO  o.e.m.c.i.e.AbstractTransferListenerAdapter - Downloaded https://repo.maven.apache.org/maven2/org/thymeleaf/thymeleaf-spring6/3.1.2.RELEASE/thymeleaf-spring6-3.1.2.RELEASE-sources.jar
2024-06-09 12:15:32,258 [Worker-46: Download sources and javadoc] INFO  o.e.m.j.internal.DownloadSourcesJob - Downloaded sources for org.thymeleaf:thymeleaf-spring6:3.1.2.RELEASE
2024-06-09 12:15:32,307 [Worker-46: Download sources and javadoc] INFO  o.e.m.c.i.e.AbstractTransferListenerAdapter - Downloading https://repo.maven.apache.org/maven2/org/thymeleaf/thymeleaf/3.1.2.RELEASE/thymeleaf-3.1.2.RELEASE-sources.jar
2024-06-09 12:15:32,441 [Worker-46: Download sources and javadoc] INFO  o.e.m.c.i.e.AbstractTransferListenerAdapter - Downloaded https://repo.maven.apache.org/maven2/org/thymeleaf/thymeleaf/3.1.2.RELEASE/thymeleaf-3.1.2.RELEASE-sources.jar
2024-06-09 12:15:32,443 [Worker-46: Download sources and javadoc] INFO  o.e.m.j.internal.DownloadSourcesJob - Downloaded sources for org.thymeleaf:thymeleaf:3.1.2.RELEASE
2024-06-09 12:15:32,445 [Worker-44: Import Getting Started Content] INFO  o.e.m.c.i.p.ProjectConfigurationManager - Update completed for 1 poms: local refresh takes 0.00 sec, refresh facades takes 0.00 sec, update config takes 0.00 sec 
2024-06-09 12:15:32,496 [Worker-46: Download sources and javadoc] INFO  o.e.m.c.i.e.AbstractTransferListenerAdapter - Downloading https://repo.maven.apache.org/maven2/org/attoparser/attoparser/2.0.7.RELEASE/attoparser-2.0.7.RELEASE-sources.jar
2024-06-09 12:15:32,548 [Worker-46: Download sources and javadoc] INFO  o.e.m.c.i.e.AbstractTransferListenerAdapter - Downloaded https://repo.maven.apache.org/maven2/org/attoparser/attoparser/2.0.7.RELEASE/attoparser-2.0.7.RELEASE-sources.jar
2024-06-09 12:15:32,551 [Worker-46: Download sources and javadoc] INFO  o.e.m.j.internal.DownloadSourcesJob - Downloaded sources for org.attoparser:attoparser:2.0.7.RELEASE
2024-06-09 12:15:32,602 [Worker-46: Download sources and javadoc] INFO  o.e.m.c.i.e.AbstractTransferListenerAdapter - Downloading https://repo.maven.apache.org/maven2/org/unbescape/unbescape/1.1.6.RELEASE/unbescape-1.1.6.RELEASE-sources.jar
2024-06-09 12:15:32,659 [Worker-46: Download sources and javadoc] INFO  o.e.m.c.i.e.AbstractTransferListenerAdapter - Downloaded https://repo.maven.apache.org/maven2/org/unbescape/unbescape/1.1.6.RELEASE/unbescape-1.1.6.RELEASE-sources.jar
2024-06-09 12:15:32,662 [Worker-46: Download sources and javadoc] INFO  o.e.m.j.internal.DownloadSourcesJob - Downloaded sources for org.unbescape:unbescape:1.1.6.RELEASE
2024-06-09 12:15:32,916 [Worker-28: Building] INFO  o.a.m.s.f.DefaultMavenResourcesFiltering - Copying 1 resource from src\main\resources to target\classes
2024-06-09 12:15:32,925 [Worker-28: Building] INFO  o.a.m.s.f.DefaultMavenResourcesFiltering - Copying 0 resource from src\main\resources to target\classes
2024-06-09 12:15:32,928 [Worker-28: Building] INFO  o.a.m.s.f.DefaultMavenResourcesFiltering - skip non existing resourceDirectory C:\Users\DELL\Desktop\intellije spring boot\Thymeleaf_springboot_learning\src\test\resources
2024-06-09 12:16:03,072 [Worker-47: Building] INFO  o.a.m.s.f.DefaultMavenResourcesFiltering - Copying 1 resource from src\main\resources to target\classes
2024-06-09 12:16:03,196 [Worker-47: Building] INFO  o.a.m.s.f.DefaultMavenResourcesFiltering - Copying 0 resource from src\main\resources to target\classes
2024-06-09 12:16:03,229 [Worker-47: Building] INFO  o.a.m.s.f.DefaultMavenResourcesFiltering - skip non existing resourceDirectory C:\Users\DELL\Desktop\intellije spring boot\Thymeleaf_springboot_learning\src\test\resources
2024-06-09 12:24:01,889 [Worker-53: Building] INFO  o.a.m.s.f.DefaultMavenResourcesFiltering - Copying 0 resource from src\main\resources to target\classes
2024-06-09 12:24:01,892 [Worker-53: Building] INFO  o.a.m.s.f.DefaultMavenResourcesFiltering - Copying 1 resource from src\main\resources to target\classes
2024-06-09 12:24:01,897 [Worker-53: Building] INFO  o.a.m.s.f.DefaultMavenResourcesFiltering - skip non existing resourceDirectory C:\Users\DELL\Desktop\intellije spring boot\Thymeleaf_springboot_learning\src\test\resources
2024-06-09 12:24:14,352 [Worker-53: Building] INFO  o.a.m.s.f.DefaultMavenResourcesFiltering - Copying 0 resource from src\main\resources to target\classes
2024-06-09 12:24:14,353 [Worker-53: Building] INFO  o.a.m.s.f.DefaultMavenResourcesFiltering - Copying 0 resource from src\main\resources to target\classes
2024-06-09 12:24:14,355 [Worker-53: Building] INFO  o.a.m.s.f.DefaultMavenResourcesFiltering - skip non existing resourceDirectory C:\Users\DELL\Desktop\intellije spring boot\Thymeleaf_springboot_learning\src\test\resources
2024-06-09 12:35:54,157 [Worker-72: Building] INFO  o.a.m.s.f.DefaultMavenResourcesFiltering - Copying 1 resource from src\main\resources to target\classes
2024-06-09 12:35:54,163 [Worker-72: Building] INFO  o.a.m.s.f.DefaultMavenResourcesFiltering - Copying 0 resource from src\main\resources to target\classes
2024-06-09 12:35:54,165 [Worker-72: Building] INFO  o.a.m.s.f.DefaultMavenResourcesFiltering - skip non existing resourceDirectory C:\Users\DELL\Desktop\intellije spring boot\Thymeleaf_springboot_learning\src\test\resources
